[16-Sep-2016 21:41:25] ALERT: [pool isuda] the process manager is missing (static, dynamic or ondemand)
[16-Sep-2016 21:41:25] ERROR: failed to post process the configuration
[16-Sep-2016 21:41:25] ERROR: FPM initialization failed
[16-Sep-2016 21:41:25] ALERT: [pool isuda] the process manager is missing (static, dynamic or ondemand)
[16-Sep-2016 21:41:25] ERROR: failed to post process the configuration
[16-Sep-2016 21:41:25] ERROR: FPM initialization failed
[16-Sep-2016 21:41:25] ALERT: [pool isuda] the process manager is missing (static, dynamic or ondemand)
[16-Sep-2016 21:41:25] ERROR: failed to post process the configuration
[16-Sep-2016 21:41:25] ERROR: FPM initialization failed
[16-Sep-2016 21:41:26] ALERT: [pool isuda] the process manager is missing (static, dynamic or ondemand)
[16-Sep-2016 21:41:26] ERROR: failed to post process the configuration
[16-Sep-2016 21:41:26] ERROR: FPM initialization failed
[16-Sep-2016 21:41:26] ALERT: [pool isuda] the process manager is missing (static, dynamic or ondemand)
[16-Sep-2016 21:41:26] ERROR: failed to post process the configuration
[16-Sep-2016 21:41:26] ERROR: FPM initialization failed
[16-Sep-2016 21:51:03] ALERT: [pool isuda] the process manager is missing (static, dynamic or ondemand)
[16-Sep-2016 21:51:03] ERROR: failed to post process the configuration
[16-Sep-2016 21:51:03] ERROR: FPM initialization failed
[16-Sep-2016 21:51:04] ALERT: [pool isuda] the process manager is missing (static, dynamic or ondemand)
[16-Sep-2016 21:51:04] ERROR: failed to post process the configuration
[16-Sep-2016 21:51:04] ERROR: FPM initialization failed
[16-Sep-2016 21:51:04] ALERT: [pool isuda] the process manager is missing (static, dynamic or ondemand)
[16-Sep-2016 21:51:04] ERROR: failed to post process the configuration
[16-Sep-2016 21:51:04] ERROR: FPM initialization failed
[16-Sep-2016 21:51:04] ALERT: [pool isuda] the process manager is missing (static, dynamic or ondemand)
[16-Sep-2016 21:51:04] ERROR: failed to post process the configuration
[16-Sep-2016 21:51:04] ERROR: FPM initialization failed
[16-Sep-2016 21:51:04] ALERT: [pool isuda] the process manager is missing (static, dynamic or ondemand)
[16-Sep-2016 21:51:04] ERROR: failed to post process the configuration
[16-Sep-2016 21:51:04] ERROR: FPM initialization failed
[16-Sep-2016 21:51:53] NOTICE: [pool isuda] 'user' directive is ignored when FPM is not running as root
[16-Sep-2016 21:51:53] NOTICE: [pool isuda] 'group' directive is ignored when FPM is not running as root
[16-Sep-2016 21:51:53] NOTICE: fpm is running, pid 45640
[16-Sep-2016 21:51:53] NOTICE: ready to handle connections
[16-Sep-2016 21:55:10] NOTICE: Terminating ...
[16-Sep-2016 21:55:10] NOTICE: exiting, bye-bye!
[16-Sep-2016 21:55:10] ALERT: [pool isuda] pm.max_children must be a positive value
[16-Sep-2016 21:55:10] ERROR: failed to post process the configuration
[16-Sep-2016 21:55:10] ERROR: FPM initialization failed
[16-Sep-2016 21:55:10] ALERT: [pool isuda] pm.max_children must be a positive value
[16-Sep-2016 21:55:10] ERROR: failed to post process the configuration
[16-Sep-2016 21:55:10] ERROR: FPM initialization failed
[16-Sep-2016 21:55:10] ALERT: [pool isuda] pm.max_children must be a positive value
[16-Sep-2016 21:55:10] ERROR: failed to post process the configuration
[16-Sep-2016 21:55:10] ERROR: FPM initialization failed
[16-Sep-2016 21:55:10] ALERT: [pool isuda] pm.max_children must be a positive value
[16-Sep-2016 21:55:10] ERROR: failed to post process the configuration
[16-Sep-2016 21:55:10] ERROR: FPM initialization failed
[16-Sep-2016 21:55:11] ALERT: [pool isuda] pm.max_children must be a positive value
[16-Sep-2016 21:55:11] ERROR: failed to post process the configuration
[16-Sep-2016 21:55:11] ERROR: FPM initialization failed
[16-Sep-2016 21:55:46] ALERT: [pool isuda] pm.max_children must be a positive value
[16-Sep-2016 21:55:46] ERROR: failed to post process the configuration
[16-Sep-2016 21:55:46] ERROR: FPM initialization failed
[16-Sep-2016 21:55:46] ALERT: [pool isuda] pm.max_children must be a positive value
[16-Sep-2016 21:55:46] ERROR: failed to post process the configuration
[16-Sep-2016 21:55:46] ERROR: FPM initialization failed
[16-Sep-2016 21:55:47] ALERT: [pool isuda] pm.max_children must be a positive value
[16-Sep-2016 21:55:47] ERROR: failed to post process the configuration
[16-Sep-2016 21:55:47] ERROR: FPM initialization failed
[16-Sep-2016 21:55:47] ALERT: [pool isuda] pm.max_children must be a positive value
[16-Sep-2016 21:55:47] ERROR: failed to post process the configuration
[16-Sep-2016 21:55:47] ERROR: FPM initialization failed
[16-Sep-2016 21:55:47] ALERT: [pool isuda] pm.max_children must be a positive value
[16-Sep-2016 21:55:47] ERROR: failed to post process the configuration
[16-Sep-2016 21:55:47] ERROR: FPM initialization failed
[16-Sep-2016 22:01:51] NOTICE: [pool isuda] 'user' directive is ignored when FPM is not running as root
[16-Sep-2016 22:01:51] NOTICE: [pool isuda] 'group' directive is ignored when FPM is not running as root
[16-Sep-2016 22:01:51] NOTICE: fpm is running, pid 46773
[16-Sep-2016 22:01:51] NOTICE: ready to handle connections
[16-Sep-2016 22:04:44] NOTICE: Terminating ...
[16-Sep-2016 22:04:44] NOTICE: exiting, bye-bye!
[16-Sep-2016 22:04:44] NOTICE: [pool isuda] 'user' directive is ignored when FPM is not running as root
[16-Sep-2016 22:04:44] NOTICE: [pool isuda] 'group' directive is ignored when FPM is not running as root
[16-Sep-2016 22:04:44] NOTICE: fpm is running, pid 47849
[16-Sep-2016 22:04:44] NOTICE: ready to handle connections
[16-Sep-2016 22:10:03] NOTICE: Terminating ...
[16-Sep-2016 22:10:03] NOTICE: exiting, bye-bye!
[16-Sep-2016 22:10:13] NOTICE: [pool isuda] 'user' directive is ignored when FPM is not running as root
[16-Sep-2016 22:10:13] NOTICE: [pool isuda] 'group' directive is ignored when FPM is not running as root
[16-Sep-2016 22:10:13] NOTICE: fpm is running, pid 49084
[16-Sep-2016 22:10:13] NOTICE: ready to handle connections
[16-Sep-2016 22:27:01] NOTICE: Terminating ...
[16-Sep-2016 22:27:01] NOTICE: exiting, bye-bye!
[16-Sep-2016 22:27:27] NOTICE: [pool isuda] 'user' directive is ignored when FPM is not running as root
[16-Sep-2016 22:27:27] NOTICE: [pool isuda] 'group' directive is ignored when FPM is not running as root
[16-Sep-2016 22:27:27] ERROR: unable to bind listening socket for address '127.0.0.1:5000': Address already in use (98)
[16-Sep-2016 22:27:27] ERROR: FPM initialization failed
[16-Sep-2016 22:27:27] NOTICE: [pool isuda] 'user' directive is ignored when FPM is not running as root
[16-Sep-2016 22:27:27] NOTICE: [pool isuda] 'group' directive is ignored when FPM is not running as root
[16-Sep-2016 22:27:27] ERROR: unable to bind listening socket for address '127.0.0.1:5000': Address already in use (98)
[16-Sep-2016 22:27:27] ERROR: FPM initialization failed
[16-Sep-2016 22:27:27] NOTICE: [pool isuda] 'user' directive is ignored when FPM is not running as root
[16-Sep-2016 22:27:27] NOTICE: [pool isuda] 'group' directive is ignored when FPM is not running as root
[16-Sep-2016 22:27:27] ERROR: unable to bind listening socket for address '127.0.0.1:5000': Address already in use (98)
[16-Sep-2016 22:27:27] ERROR: FPM initialization failed
[16-Sep-2016 22:27:27] NOTICE: [pool isuda] 'user' directive is ignored when FPM is not running as root
[16-Sep-2016 22:27:27] NOTICE: [pool isuda] 'group' directive is ignored when FPM is not running as root
[16-Sep-2016 22:27:27] ERROR: unable to bind listening socket for address '127.0.0.1:5000': Address already in use (98)
[16-Sep-2016 22:27:27] ERROR: FPM initialization failed
[16-Sep-2016 22:27:28] NOTICE: [pool isuda] 'user' directive is ignored when FPM is not running as root
[16-Sep-2016 22:27:28] NOTICE: [pool isuda] 'group' directive is ignored when FPM is not running as root
[16-Sep-2016 22:27:28] ERROR: unable to bind listening socket for address '127.0.0.1:5000': Address already in use (98)
[16-Sep-2016 22:27:28] ERROR: FPM initialization failed
[16-Sep-2016 22:32:01] NOTICE: [pool isuda] 'user' directive is ignored when FPM is not running as root
[16-Sep-2016 22:32:01] NOTICE: [pool isuda] 'group' directive is ignored when FPM is not running as root
[16-Sep-2016 22:32:01] NOTICE: fpm is running, pid 50954
[16-Sep-2016 22:32:01] NOTICE: ready to handle connections
[16-Sep-2016 22:45:32] NOTICE: Terminating ...
[16-Sep-2016 22:45:32] NOTICE: exiting, bye-bye!
[16-Sep-2016 22:45:32] NOTICE: [pool isuda] 'user' directive is ignored when FPM is not running as root
[16-Sep-2016 22:45:32] NOTICE: [pool isuda] 'group' directive is ignored when FPM is not running as root
[16-Sep-2016 22:45:32] NOTICE: fpm is running, pid 52160
[16-Sep-2016 22:45:32] NOTICE: ready to handle connections
[17-Sep-2016 01:07:26] NOTICE: [pool isuda] 'user' directive is ignored when FPM is not running as root
[17-Sep-2016 01:07:26] NOTICE: [pool isuda] 'group' directive is ignored when FPM is not running as root
[17-Sep-2016 01:07:26] NOTICE: fpm is running, pid 1846
[17-Sep-2016 01:07:26] NOTICE: ready to handle connections
[17-Sep-2016 01:16:58] NOTICE: Terminating ...
[17-Sep-2016 01:16:58] NOTICE: exiting, bye-bye!
