[16-Sep-2016 21:42:19] ALERT: [pool isutar] the process manager is missing (static, dynamic or ondemand)
[16-Sep-2016 21:42:19] ERROR: failed to post process the configuration
[16-Sep-2016 21:42:19] ERROR: FPM initialization failed
[16-Sep-2016 21:42:20] ALERT: [pool isutar] the process manager is missing (static, dynamic or ondemand)
[16-Sep-2016 21:42:20] ERROR: failed to post process the configuration
[16-Sep-2016 21:42:20] ERROR: FPM initialization failed
[16-Sep-2016 21:42:20] ALERT: [pool isutar] the process manager is missing (static, dynamic or ondemand)
[16-Sep-2016 21:42:20] ERROR: failed to post process the configuration
[16-Sep-2016 21:42:20] ERROR: FPM initialization failed
[16-Sep-2016 21:42:20] ALERT: [pool isutar] the process manager is missing (static, dynamic or ondemand)
[16-Sep-2016 21:42:20] ERROR: failed to post process the configuration
[16-Sep-2016 21:42:20] ERROR: FPM initialization failed
[16-Sep-2016 21:42:21] ALERT: [pool isutar] the process manager is missing (static, dynamic or ondemand)
[16-Sep-2016 21:42:21] ERROR: failed to post process the configuration
[16-Sep-2016 21:42:21] ERROR: FPM initialization failed
[16-Sep-2016 22:01:57] ALERT: [pool isutar] the process manager is missing (static, dynamic or ondemand)
[16-Sep-2016 22:01:57] ERROR: failed to post process the configuration
[16-Sep-2016 22:01:57] ERROR: FPM initialization failed
[16-Sep-2016 22:01:58] ALERT: [pool isutar] the process manager is missing (static, dynamic or ondemand)
[16-Sep-2016 22:01:58] ERROR: failed to post process the configuration
[16-Sep-2016 22:01:58] ERROR: FPM initialization failed
[16-Sep-2016 22:01:58] ALERT: [pool isutar] the process manager is missing (static, dynamic or ondemand)
[16-Sep-2016 22:01:58] ERROR: failed to post process the configuration
[16-Sep-2016 22:01:58] ERROR: FPM initialization failed
[16-Sep-2016 22:01:58] ALERT: [pool isutar] the process manager is missing (static, dynamic or ondemand)
[16-Sep-2016 22:01:58] ERROR: failed to post process the configuration
[16-Sep-2016 22:01:58] ERROR: FPM initialization failed
[16-Sep-2016 22:01:58] ALERT: [pool isutar] the process manager is missing (static, dynamic or ondemand)
[16-Sep-2016 22:01:58] ERROR: failed to post process the configuration
[16-Sep-2016 22:01:58] ERROR: FPM initialization failed
[16-Sep-2016 22:04:47] NOTICE: [pool isutar] 'user' directive is ignored when FPM is not running as root
[16-Sep-2016 22:04:47] NOTICE: [pool isutar] 'group' directive is ignored when FPM is not running as root
[16-Sep-2016 22:04:47] NOTICE: fpm is running, pid 47862
[16-Sep-2016 22:04:47] NOTICE: ready to handle connections
[16-Sep-2016 22:10:05] NOTICE: Terminating ...
[16-Sep-2016 22:10:05] NOTICE: exiting, bye-bye!
[16-Sep-2016 22:10:10] NOTICE: [pool isutar] 'user' directive is ignored when FPM is not running as root
[16-Sep-2016 22:10:10] NOTICE: [pool isutar] 'group' directive is ignored when FPM is not running as root
[16-Sep-2016 22:10:10] NOTICE: fpm is running, pid 49071
[16-Sep-2016 22:10:10] NOTICE: ready to handle connections
[16-Sep-2016 22:27:04] NOTICE: Terminating ...
[16-Sep-2016 22:27:04] NOTICE: exiting, bye-bye!
[16-Sep-2016 22:27:29] NOTICE: [pool isutar] 'user' directive is ignored when FPM is not running as root
[16-Sep-2016 22:27:29] NOTICE: [pool isutar] 'group' directive is ignored when FPM is not running as root
[16-Sep-2016 22:27:29] ERROR: unable to bind listening socket for address '127.0.0.1:5001': Address already in use (98)
[16-Sep-2016 22:27:29] ERROR: FPM initialization failed
[16-Sep-2016 22:27:30] NOTICE: [pool isutar] 'user' directive is ignored when FPM is not running as root
[16-Sep-2016 22:27:30] NOTICE: [pool isutar] 'group' directive is ignored when FPM is not running as root
[16-Sep-2016 22:27:30] ERROR: unable to bind listening socket for address '127.0.0.1:5001': Address already in use (98)
[16-Sep-2016 22:27:30] ERROR: FPM initialization failed
[16-Sep-2016 22:27:30] NOTICE: [pool isutar] 'user' directive is ignored when FPM is not running as root
[16-Sep-2016 22:27:30] NOTICE: [pool isutar] 'group' directive is ignored when FPM is not running as root
[16-Sep-2016 22:27:30] ERROR: unable to bind listening socket for address '127.0.0.1:5001': Address already in use (98)
[16-Sep-2016 22:27:30] ERROR: FPM initialization failed
[16-Sep-2016 22:27:30] NOTICE: [pool isutar] 'user' directive is ignored when FPM is not running as root
[16-Sep-2016 22:27:30] NOTICE: [pool isutar] 'group' directive is ignored when FPM is not running as root
[16-Sep-2016 22:27:30] ERROR: unable to bind listening socket for address '127.0.0.1:5001': Address already in use (98)
[16-Sep-2016 22:27:30] ERROR: FPM initialization failed
[16-Sep-2016 22:27:30] NOTICE: [pool isutar] 'user' directive is ignored when FPM is not running as root
[16-Sep-2016 22:27:30] NOTICE: [pool isutar] 'group' directive is ignored when FPM is not running as root
[16-Sep-2016 22:27:30] ERROR: unable to bind listening socket for address '127.0.0.1:5001': Address already in use (98)
[16-Sep-2016 22:27:30] ERROR: FPM initialization failed
[16-Sep-2016 22:32:06] NOTICE: [pool isutar] 'user' directive is ignored when FPM is not running as root
[16-Sep-2016 22:32:06] NOTICE: [pool isutar] 'group' directive is ignored when FPM is not running as root
[16-Sep-2016 22:32:06] NOTICE: fpm is running, pid 50991
[16-Sep-2016 22:32:06] NOTICE: ready to handle connections
[16-Sep-2016 22:45:35] NOTICE: Terminating ...
[16-Sep-2016 22:45:35] NOTICE: exiting, bye-bye!
[16-Sep-2016 22:45:35] NOTICE: [pool isutar] 'user' directive is ignored when FPM is not running as root
[16-Sep-2016 22:45:35] NOTICE: [pool isutar] 'group' directive is ignored when FPM is not running as root
[16-Sep-2016 22:45:35] NOTICE: fpm is running, pid 52174
[16-Sep-2016 22:45:35] NOTICE: ready to handle connections
[17-Sep-2016 01:07:32] NOTICE: [pool isutar] 'user' directive is ignored when FPM is not running as root
[17-Sep-2016 01:07:32] NOTICE: [pool isutar] 'group' directive is ignored when FPM is not running as root
[17-Sep-2016 01:07:32] NOTICE: fpm is running, pid 1883
[17-Sep-2016 01:07:32] NOTICE: ready to handle connections
[17-Sep-2016 01:17:01] NOTICE: Terminating ...
[17-Sep-2016 01:17:01] NOTICE: exiting, bye-bye!
